<?xml version="1.0" encoding="UTF-8" ?>
<testsuite errors="1" failures="0" hostname="hoichamTO" name="TableDAOTest" skipped="0" tests="1" time="0.0" timestamp="2025-03-11T06:17:05">
  <properties>
    <property name="webinf.dir" value="web/WEB-INF" />
    <property name="libs.javaee-api-6.0.classpath" value="C:\Program Files\NetBeans-17\netbeans\enterprise\modules\ext\javaee-api-6.0.jar" />
    <property name="libs.spring-framework300.classpath" value="C:\Program Files\NetBeans-17\netbeans\platform\modules\org-apache-commons-logging.jar;C:\Program Files\NetBeans-17\netbeans\java\modules\ext\cglib-2.2.jar;C:\Program Files\NetBeans-17\netbeans\java\modules\ext\spring-3.0\spring-aop-3.2.18.RELEASE.jar;C:\Program Files\NetBeans-17\netbeans\java\modules\ext\spring-3.0\spring-aspects-3.2.18.RELEASE.jar;C:\Program Files\NetBeans-17\netbeans\java\modules\ext\spring-3.0\spring-beans-3.2.18.RELEASE.jar;C:\Program Files\NetBeans-17\netbeans\java\modules\ext\spring-3.0\spring-context-3.2.18.RELEASE.jar;C:\Program Files\NetBeans-17\netbeans\java\modules\ext\spring-3.0\spring-context-support-3.2.18.RELEASE.jar;C:\Program Files\NetBeans-17\netbeans\java\modules\ext\spring-3.0\spring-core-3.2.18.RELEASE.jar;C:\Program Files\NetBeans-17\netbeans\java\modules\ext\spring-3.0\spring-expression-3.2.18.RELEASE.jar;C:\Program Files\NetBeans-17\netbeans\java\modules\ext\spring-3.0\spring-instrument-3.2.18.RELEASE.jar;C:\Program Files\NetBeans-17\netbeans\java\modules\ext\spring-3.0\spring-instrument-tomcat-3.2.18.RELEASE.jar;C:\Program Files\NetBeans-17\netbeans\java\modules\ext\spring-3.0\spring-jdbc-3.2.18.RELEASE.jar;C:\Program Files\NetBeans-17\netbeans\java\modules\ext\spring-3.0\spring-jms-3.2.18.RELEASE.jar;C:\Program Files\NetBeans-17\netbeans\java\modules\ext\spring-3.0\spring-orm-3.2.18.RELEASE.jar;C:\Program Files\NetBeans-17\netbeans\java\modules\ext\spring-3.0\spring-oxm-3.2.18.RELEASE.jar;C:\Program Files\NetBeans-17\netbeans\java\modules\ext\spring-3.0\spring-struts-3.2.18.RELEASE.jar;C:\Program Files\NetBeans-17\netbeans\java\modules\ext\spring-3.0\spring-test-3.2.18.RELEASE.jar;C:\Program Files\NetBeans-17\netbeans\java\modules\ext\spring-3.0\spring-tx-3.2.18.RELEASE.jar;C:\Program Files\NetBeans-17\netbeans\java\modules\ext\spring-3.0\spring-web-3.2.18.RELEASE.jar;C:\Program Files\NetBeans-17\netbeans\java\modules\ext\spring-3.0\spring-webmvc-3.2.18.RELEASE.jar;C:\Program Files\NetBeans-17\netbeans\java\modules\ext\spring-3.0\spring-webmvc-portlet-3.2.18.RELEASE.jar" />
    <property name="javac.test.classpath" value="lib/jakarta.servlet.jsp.jstl-2.0.0.jar:lib/jakarta.servlet.jsp.jstl-api-2.0.0.jar:lib/jaxb-api-2.1.jar:lib/sqljdbc42.jar:lib\jacocoagent.jar:lib\jacocoant.jar:build/web/WEB-INF/classes/web/WEB-INF/classes:C:\Users\admin\Downloads\byte-buddy-1.17.1.jar:C:\Users\admin\Downloads\mockito-core-4.8.0.jar:C:\Users\admin\Downloads\objenesis-3.4.jar:C:\Program Files\NetBeans-17\netbeans\platform\modules\ext\hamcrest-core-1.3.jar:C:\Program Files\NetBeans-17\netbeans\platform\modules\ext\junit-4.13.2.jar:lib\jacocoagent.jar:lib\jacocoant.jar" />
    <property name="java.specification.version" value="21" />
    <property name="libs.javaee-api-7.0.classpath" value="C:\Program Files\NetBeans-17\netbeans\enterprise\modules\ext\javaee-api-7.0.jar" />
    <property name="sun.cpu.isalist" value="amd64" />
    <property name="libs.restapi.maven-pom" value="" />
    <property name="libs.spring-framework500.classpath" value="C:\Program Files\NetBeans-17\netbeans\platform\modules\org-apache-commons-logging.jar;C:\Program Files\NetBeans-17\netbeans\java\modules\ext\cglib-2.2.jar;C:\Program Files\NetBeans-17\netbeans\java\modules\ext\spring-5\spring-aop-5.2.9.RELEASE.jar;C:\Program Files\NetBeans-17\netbeans\java\modules\ext\spring-5\spring-aspects-5.2.9.RELEASE.jar;C:\Program Files\NetBeans-17\netbeans\java\modules\ext\spring-5\spring-beans-5.2.9.RELEASE.jar;C:\Program Files\NetBeans-17\netbeans\java\modules\ext\spring-5\spring-context-5.2.9.RELEASE.jar;C:\Program Files\NetBeans-17\netbeans\java\modules\ext\spring-5\spring-context-indexer-5.2.9.RELEASE.jar;C:\Program Files\NetBeans-17\netbeans\java\modules\ext\spring-5\spring-context-support-5.2.9.RELEASE.jar;C:\Program Files\NetBeans-17\netbeans\java\modules\ext\spring-5\spring-core-5.2.9.RELEASE.jar;C:\Program Files\NetBeans-17\netbeans\java\modules\ext\spring-5\spring-expression-5.2.9.RELEASE.jar;C:\Program Files\NetBeans-17\netbeans\java\modules\ext\spring-5\spring-instrument-5.2.9.RELEASE.jar;C:\Program Files\NetBeans-17\netbeans\java\modules\ext\spring-5\spring-jcl-5.2.9.RELEASE.jar;C:\Program Files\NetBeans-17\netbeans\java\modules\ext\spring-5\spring-jdbc-5.2.9.RELEASE.jar;C:\Program Files\NetBeans-17\netbeans\java\modules\ext\spring-5\spring-jms-5.2.9.RELEASE.jar;C:\Program Files\NetBeans-17\netbeans\java\modules\ext\spring-5\spring-messaging-5.2.9.RELEASE.jar;C:\Program Files\NetBeans-17\netbeans\java\modules\ext\spring-5\spring-orm-5.2.9.RELEASE.jar;C:\Program Files\NetBeans-17\netbeans\java\modules\ext\spring-5\spring-oxm-5.2.9.RELEASE.jar;C:\Program Files\NetBeans-17\netbeans\java\modules\ext\spring-5\spring-test-5.2.9.RELEASE.jar;C:\Program Files\NetBeans-17\netbeans\java\modules\ext\spring-5\spring-tx-5.2.9.RELEASE.jar;C:\Program Files\NetBeans-17\netbeans\java\modules\ext\spring-5\spring-web-5.2.9.RELEASE.jar;C:\Program Files\NetBeans-17\netbeans\java\modules\ext\spring-5\spring-webflux-5.2.9.RELEASE.jar;C:\Program Files\NetBeans-17\netbeans\java\modules\ext\spring-5\spring-webmvc-5.2.9.RELEASE.jar;C:\Program Files\NetBeans-17\netbeans\java\modules\ext\spring-5\spring-websocket-5.2.9.RELEASE.jar" />
    <property name="j2ee.server.home" value="C:/Program Files/Apache Software Foundation/Tomcat 10.1" />
    <property name="javadoc.preview" value="true" />
    <property name="libs.jakartaee-web-api-10.0.src" value="" />
    <property name="libs.spring-framework400.classpath" value="C:\Program Files\NetBeans-17\netbeans\platform\modules\org-apache-commons-logging.jar;C:\Program Files\NetBeans-17\netbeans\java\modules\ext\cglib-2.2.jar;C:\Program Files\NetBeans-17\netbeans\java\modules\ext\spring-4\spring-aop-4.3.29.RELEASE.jar;C:\Program Files\NetBeans-17\netbeans\java\modules\ext\spring-4\spring-aspects-4.3.29.RELEASE.jar;C:\Program Files\NetBeans-17\netbeans\java\modules\ext\spring-4\spring-beans-4.3.29.RELEASE.jar;C:\Program Files\NetBeans-17\netbeans\java\modules\ext\spring-4\spring-context-4.3.29.RELEASE.jar;C:\Program Files\NetBeans-17\netbeans\java\modules\ext\spring-4\spring-context-support-4.3.29.RELEASE.jar;C:\Program Files\NetBeans-17\netbeans\java\modules\ext\spring-4\spring-core-4.3.29.RELEASE.jar;C:\Program Files\NetBeans-17\netbeans\java\modules\ext\spring-4\spring-expression-4.3.29.RELEASE.jar;C:\Program Files\NetBeans-17\netbeans\java\modules\ext\spring-4\spring-instrument-4.3.29.RELEASE.jar;C:\Program Files\NetBeans-17\netbeans\java\modules\ext\spring-4\spring-instrument-tomcat-4.3.29.RELEASE.jar;C:\Program Files\NetBeans-17\netbeans\java\modules\ext\spring-4\spring-jdbc-4.3.29.RELEASE.jar;C:\Program Files\NetBeans-17\netbeans\java\modules\ext\spring-4\spring-jms-4.3.29.RELEASE.jar;C:\Program Files\NetBeans-17\netbeans\java\modules\ext\spring-4\spring-messaging-4.3.29.RELEASE.jar;C:\Program Files\NetBeans-17\netbeans\java\modules\ext\spring-4\spring-orm-4.3.29.RELEASE.jar;C:\Program Files\NetBeans-17\netbeans\java\modules\ext\spring-4\spring-oxm-4.3.29.RELEASE.jar;C:\Program Files\NetBeans-17\netbeans\java\modules\ext\spring-4\spring-test-4.3.29.RELEASE.jar;C:\Program Files\NetBeans-17\netbeans\java\modules\ext\spring-4\spring-tx-4.3.29.RELEASE.jar;C:\Program Files\NetBeans-17\netbeans\java\modules\ext\spring-4\spring-web-4.3.29.RELEASE.jar;C:\Program Files\NetBeans-17\netbeans\java\modules\ext\spring-4\spring-webmvc-4.3.29.RELEASE.jar;C:\Program Files\NetBeans-17\netbeans\java\modules\ext\spring-4\spring-webmvc-portlet-4.3.29.RELEASE.jar;C:\Program Files\NetBeans-17\netbeans\java\modules\ext\spring-4\spring-websocket-4.3.29.RELEASE.jar" />
    <property name="libs.spring-webmvc4.0.javadoc" value="" />
    <property name="sun.arch.data.model" value="64" />
    <property name="test.binaryincludes" value="&lt;nothing&gt;" />
    <property name="jspc.dtds" value="/resources/dtds/" />
    <property name="libs.jakartaee-web-api-9.0.maven-pom" value="" />
    <property name="debug-transport" value="dt_shmem" />
    <property name="libs.javaee-endorsed-api-7.0.src" value="" />
    <property name="j2ee.platform.classpath" value="C:/Program Files/Apache Software Foundation/Tomcat 10.1/bin/tomcat-juli.jar:C:/Program Files/Apache Software Foundation/Tomcat 10.1/lib/annotations-api.jar:C:/Program Files/Apache Software Foundation/Tomcat 10.1/lib/catalina-ant.jar:C:/Program Files/Apache Software Foundation/Tomcat 10.1/lib/catalina-ha.jar:C:/Program Files/Apache Software Foundation/Tomcat 10.1/lib/catalina-ssi.jar:C:/Program Files/Apache Software Foundation/Tomcat 10.1/lib/catalina-storeconfig.jar:C:/Program Files/Apache Software Foundation/Tomcat 10.1/lib/catalina-tribes.jar:C:/Program Files/Apache Software Foundation/Tomcat 10.1/lib/catalina.jar:C:/Program Files/Apache Software Foundation/Tomcat 10.1/lib/ecj-4.27.jar:C:/Program Files/Apache Software Foundation/Tomcat 10.1/lib/el-api.jar:C:/Program Files/Apache Software Foundation/Tomcat 10.1/lib/jakartaee-migration-1.0.8-shaded.jar:C:/Program Files/Apache Software Foundation/Tomcat 10.1/lib/jasper-el.jar:C:/Program Files/Apache Software Foundation/Tomcat 10.1/lib/jasper.jar:C:/Program Files/Apache Software Foundation/Tomcat 10.1/lib/jaspic-api.jar:C:/Program Files/Apache Software Foundation/Tomcat 10.1/lib/jsp-api.jar:C:/Program Files/Apache Software Foundation/Tomcat 10.1/lib/servlet-api.jar:C:/Program Files/Apache Software Foundation/Tomcat 10.1/lib/tomcat-api.jar:C:/Program Files/Apache Software Foundation/Tomcat 10.1/lib/tomcat-coyote-ffm.jar:C:/Program Files/Apache Software Foundation/Tomcat 10.1/lib/tomcat-coyote.jar:C:/Program Files/Apache Software Foundation/Tomcat 10.1/lib/tomcat-dbcp.jar:C:/Program Files/Apache Software Foundation/Tomcat 10.1/lib/tomcat-i18n-cs.jar:C:/Program Files/Apache Software Foundation/Tomcat 10.1/lib/tomcat-i18n-de.jar:C:/Program Files/Apache Software Foundation/Tomcat 10.1/lib/tomcat-i18n-es.jar:C:/Program Files/Apache Software Foundation/Tomcat 10.1/lib/tomcat-i18n-fr.jar:C:/Program Files/Apache Software Foundation/Tomcat 10.1/lib/tomcat-i18n-ja.jar:C:/Program Files/Apache Software Foundation/Tomcat 10.1/lib/tomcat-i18n-ko.jar:C:/Program Files/Apache Software Foundation/Tomcat 10.1/lib/tomcat-i18n-pt-BR.jar:C:/Program Files/Apache Software Foundation/Tomcat 10.1/lib/tomcat-i18n-ru.jar:C:/Program Files/Apache Software Foundation/Tomcat 10.1/lib/tomcat-i18n-zh-CN.jar:C:/Program Files/Apache Software Foundation/Tomcat 10.1/lib/tomcat-jdbc.jar:C:/Program Files/Apache Software Foundation/Tomcat 10.1/lib/tomcat-jni.jar:C:/Program Files/Apache Software Foundation/Tomcat 10.1/lib/tomcat-util-scan.jar:C:/Program Files/Apache Software Foundation/Tomcat 10.1/lib/tomcat-util.jar:C:/Program Files/Apache Software Foundation/Tomcat 10.1/lib/tomcat-websocket.jar:C:/Program Files/Apache Software Foundation/Tomcat 10.1/lib/websocket-api.jar:C:/Program Files/Apache Software Foundation/Tomcat 10.1/lib/websocket-client-api.jar" />
    <property name="libs.javaee-web-api-8.0.src" value="" />
    <property name="java.vendor.url" value="https://java.oracle.com/" />
    <property name="annotation.processing.enabled" value="true" />
    <property name="libs.junit_5.src" value="C:\Program Files\NetBeans-17\netbeans\platform\docs\junit-jupiter-api-5.6.0-sources.jar;C:\Program Files\NetBeans-17\netbeans\platform\docs\junit-jupiter-params-5.6.0-sources.jar;C:\Program Files\NetBeans-17\netbeans\platform\docs\junit-jupiter-engine-5.6.0-sources.jar" />
    <property name="libs.jaxb.classpath" value="C:\Program Files\NetBeans-17\netbeans\ide\modules\ext\jaxb\jaxb-impl.jar;C:\Program Files\NetBeans-17\netbeans\ide\modules\ext\jaxb\jaxb-xjc.jar;C:\Program Files\NetBeans-17\netbeans\ide\modules\ext\jaxb\activation.jar;C:\Program Files\NetBeans-17\netbeans\ide\modules\ext\jaxb\api\jaxb-api.jar" />
    <property name="ant.file.prjProject" value="C:\Users\admin\Desktop\SWT301\SWT301_Labbb\build.xml" />
    <property name="libs.eclipselink.javadoc" value="C:\Program Files\NetBeans-17\netbeans\java\modules\ext\docs\jakarta.persistence-2.2.3-doc.zip" />
    <property name="libs.javaee-api-8.0.classpath" value="C:\Program Files\NetBeans-17\netbeans\enterprise\modules\ext\javaee-api-8.0.jar" />
    <property name="libs.jsp-compilation.src" value="" />
    <property name="do.war.package.with.custom.manifest" value="true" />
    <property name="libs.JWSAntTasks.javadoc" value="" />
    <property name="sun.boot.library.path" value="C:\Program Files\Java\jdk-21\bin" />
    <property name="libs.CopyLibs.src" value="" />
    <property name="sun.java.command" value="org.apache.tools.ant.taskdefs.optional.junit.JUnitTestRunner TableDAOTest skipNonTests=false filtertrace=true haltOnError=false haltOnFailure=false formatter=org.apache.tools.ant.taskdefs.optional.junit.SummaryJUnitResultFormatter showoutput=false outputtoformatters=true logfailedtests=true threadid=0 logtestlistenerevents=false formatter=org.apache.tools.ant.taskdefs.optional.junit.PlainJUnitResultFormatter,C:\Users\admin\Desktop\SWT301\SWT301_Labbb\TEST-TableDAOTest.txt formatter=org.apache.tools.ant.taskdefs.optional.junit.XMLJUnitResultFormatter,C:\Users\admin\Desktop\SWT301\SWT301_Labbb\TEST-TableDAOTest.xml crashfile=C:\Users\admin\Desktop\SWT301\SWT301_Labbb\junitvmwatcher1547456239235995430.properties propsfile=C:\Users\admin\Desktop\SWT301\SWT301_Labbb\junit9389524884083721797.properties" />
    <property name="jdk.debug" value="release" />
    <property name="platforms.JDK_11.home" value="C:\Program Files\Java\jdk-11" />
    <property name="libs.spring-framework300.src" value="" />
    <property name="java.specification.vendor" value="Oracle Corporation" />
    <property name="javac.source" value="17" />
    <property name="javadoc.use" value="true" />
    <property name="jacoco.exec.file" value="coverage.exec" />
    <property name="java.version.date" value="2023-10-17" />
    <property name="javadoc.notree" value="false" />
    <property name="java.home" value="C:\Program Files\Java\jdk-21" />
    <property name="basedir" value="C:\Users\admin\Desktop\SWT301\SWT301_Labbb" />
    <property name="java.specification.name" value="Java Platform API Specification" />
    <property name="java.vm.specification.vendor" value="Oracle Corporation" />
    <property name="libs.PostgreSQLDriver.classpath" value="C:\Program Files\NetBeans-17\netbeans\ide\modules\ext\postgresql-42.2.16.jar" />
    <property name="libs.graaljs.javadoc" value="" />
    <property name="libs.spring-webmvc3.0.javadoc" value="" />
    <property name="ant.file.type.prjProject" value="file" />
    <property name="libs.JAXB-ENDORSED.src" value="" />
    <property name="libs.jsf20.classpath" value="C:\Program Files\NetBeans-17\netbeans\enterprise\modules\ext\jsf-2_2\javax.faces.jar" />
    <property name="j2ee.copy.static.files.on.save" value="true" />
    <property name="libs.jakartaee-api-10.0.maven-pom" value="" />
    <property name="user.script" value="" />
    <property name="libs.spring-framework500.javadoc" value="" />
    <property name="compile.jsps" value="false" />
    <property name="libs.spring-framework400.src" value="" />
    <property name="sun.management.compiler" value="HotSpot 64-Bit Tiered Compilers" />
    <property name="application.args.param" value="" />
    <property name="libs.jsp-compilation-syscp.src" value="" />
    <property name="java.runtime.version" value="21.0.1+12-LTS-29" />
    <property name="libs.eclipselink.maven-pom" value="" />
    <property name="libs.graaljs.classpath" value="C:\Program Files\NetBeans-17\netbeans\webcommon\modules\ext\js-20.3.0.jar;C:\Program Files\NetBeans-17\netbeans\webcommon\modules\ext\js-launcher-20.3.0.jar;C:\Program Files\NetBeans-17\netbeans\webcommon\modules\ext\regex-20.3.0.jar;C:\Program Files\NetBeans-17\netbeans\webcommon\modules\ext\icu4j-67.1.jar;C:\Program Files\NetBeans-17\netbeans\ide\modules\ext\graal-sdk-20.3.0.jar;C:\Program Files\NetBeans-17\netbeans\ide\modules\ext\launcher-common-20.3.0.jar;C:\Program Files\NetBeans-17\netbeans\ide\modules\ext\truffle-api-20.3.0.jar" />
    <property name="libs.javaee-web-api-6.0.classpath" value="C:\Program Files\NetBeans-17\netbeans\enterprise\modules\ext\javaee-web-api-6.0.jar" />
    <property name="libs.jsp-compiler.javadoc" value="" />
    <property name="libs.metro.maven-pom" value="" />
    <property name="libs.JAXB-ENDORSED.javadoc" value="" />
    <property name="libs.javaee-web-api-7.0.classpath" value="C:\Program Files\NetBeans-17\netbeans\enterprise\modules\ext\javaee-web-api-7.0.jar" />
    <property name="file.encoding" value="UTF-8" />
    <property name="j2ee.deploy.on.save" value="true" />
    <property name="libs.jsf12.src" value="" />
    <property name="libs.jsp-compilation.javadoc" value="" />
    <property name="libs.primefaces.javadoc" value="" />
    <property name="libs.groovy-all.maven-pom" value="" />
    <property name="libs.restlib.javadoc" value="" />
    <property name="libs.restapi.src" value="" />
    <property name="libs.junit_5.javadoc" value="C:\Program Files\NetBeans-17\netbeans\platform\docs\junit-jupiter-api-5.6.0-javadoc.jar;C:\Program Files\NetBeans-17\netbeans\platform\docs\junit-jupiter-params-5.6.0-javadoc.jar;C:\Program Files\NetBeans-17\netbeans\platform\docs\junit-jupiter-engine-5.6.0-javadoc.jar" />
    <property name="build.web.dir" value="build/web/WEB-INF/classes/web" />
    <property name="dist.archive.excludes" value="" />
    <property name="libs.absolutelayout.classpath" value="C:\Program Files\NetBeans-17\netbeans\java\modules\ext\AbsoluteLayout.jar" />
    <property name="java.io.tmpdir" value="C:\Users\admin\AppData\Local\Temp\" />
    <property name="java.version" value="21.0.1" />
    <property name="dist.ear.war" value="dist/prjProject.war" />
    <property name="libs.struts.maven-pom" value="" />
    <property name="java.vm.specification.name" value="Java Virtual Machine Specification" />
    <property name="libs.jakartaee-api-8.0.javadoc" value="C:\Program Files\NetBeans-17\netbeans\enterprise\docs\jakartaee8-doc-api.jar" />
    <property name="do.tmp.war.package" value="true" />
    <property name="lib.dir" value="web/WEB-INF/lib" />
    <property name="libs.testng.src" value="" />
    <property name="native.encoding" value="UTF-8" />
    <property name="java.library.path" value="C:\Program Files\Java\jdk-21\bin;C:\WINDOWS\Sun\Java\bin;C:\WINDOWS\system32;C:\WINDOWS;C:\Program Files (x86)\VMware\VMware Workstation\bin\;C:\Program Files\Common Files\Oracle\Java\javapath;c:\program files (x86)\common files\oracle\java\javapath;c:\windows\system32;c:\windows;c:\windows\system32\wbem;c:\windows\system32\windowspowershell\v1.0\;c:\windows\system32\openssh\;c:\program files\dotnet\;C:\Program Files (x86)\NVIDIA Corporation\PhysX\Common;C:\Program Files\Cloudflare\Cloudflare WARP\;C:\Program Files (x86)\Microsoft SQL Server\160\Tools\Binn\;C:\Program Files\Microsoft SQL Server\160\Tools\Binn\;C:\Program Files\Microsoft SQL Server\Client SDK\ODBC\170\Tools\Binn\;C:\Program Files\Microsoft SQL Server\160\DTS\Binn\;C:\Program Files (x86)\Microsoft SQL Server\160\DTS\Binn\;C:\Program Files\Java\jdk-21;C:\Users\admin\Desktop\PRJ301\apache-maven-3.9.9\bin;C:\Program Files (x86)\Microsoft SQL Server\Client SDK\ODBC\110\Tools\Binn\;C:\Program Files (x86)\Microsoft SQL Server\120\Tools\Binn\;C:\Program Files (x86)\Microsoft SQL Server\120\DTS\Binn\;C:\Users\admin\Desktop\Git\cmd;C:\WINDOWS\system32;C:\WINDOWS;C:\WINDOWS\System32\Wbem;C:\WINDOWS\System32\WindowsPowerShell\v1.0\;C:\WINDOWS\System32\OpenSSH\;C:\Program Files\NVIDIA Corporation\NVIDIA app\NvDLISR;C:\Program Files\Microsoft SQL Server\150\Tools\Binn\;C:\Program Files\NetBeans-17\netbeans\extide\ant\bin;C:\Program Files\NetBeans-17\netbeans\extide\ant\bin;C:\Users\admin\AppData\Local\Programs\Python\Python313\Scripts\;C:\Users\admin\AppData\Local\Programs\Python\Python313\;C:\Users\admin\AppData\Local\Programs\Python\Launcher\;C:\Users\admin\AppData\Local\Microsoft\WindowsApps;C:\Users\admin\AppData\Local\Programs\Microsoft VS Code\bin;C:\Program Files\Java\jdk-21;C:\Users\admin\AppData\Local\GitHubDesktop\bin;C:\Users\admin\.dotnet\tools;C:\Program Files\JetBrains\IntelliJ IDEA 2024.3.2\bin;;." />
    <property name="libs.hamcrest.src" value="" />
    <property name="libs.javaee-web-api-8.0.classpath" value="C:\Program Files\NetBeans-17\netbeans\enterprise\modules\ext\javaee-web-api-8.0.jar" />
    <property name="platform.active" value="default_platform" />
    <property name="java.vendor" value="Oracle Corporation" />
    <property name="stderr.encoding" value="UTF-8" />
    <property name="libs.groovy-all.src" value="" />
    <property name="libs.testng.javadoc" value="C:\Program Files\NetBeans-17\netbeans\platform\docs\testng-6.13.1-javadoc.jar" />
    <property name="ant.file.prjProject-impl" value="C:\Users\admin\Desktop\SWT301\SWT301_Labbb\nbproject\build-impl.xml" />
    <property name="sun.io.unicode.encoding" value="UnicodeLittle" />
    <property name="libs.struts.javadoc" value="C:\Program Files\NetBeans-17\netbeans\enterprise\docs\struts-1.3.10-javadoc.zip" />
    <property name="libs.testng.maven-pom" value="" />
    <property name="default.javac.source" value="17" />
    <property name="libs.javaee-web-api-8.0.javadoc" value="C:\Program Files\NetBeans-17\netbeans\enterprise\docs\javaee-doc-api.jar" />
    <property name="ant.file.type" value="file" />
    <property name="libs.jaxb.src" value="" />
    <property name="libs.eclipselinkmodelgen.classpath" value="C:\Program Files\NetBeans-17\netbeans\java\modules\ext\eclipselink\org.eclipse.persistence.jpa.modelgen.processor-2.7.10.jar" />
    <property name="test.src.dir" value="test" />
    <property name="libs.spring-framework300.javadoc" value="" />
    <property name="build.web.excludes" value="**/*.java,**/*.form" />
    <property name="ap.proc.none.internal" value="" />
    <property name="endorsed.classpath.cmd.line.arg" value="" />
    <property name="source.root" value="src" />
    <property name="libs.jpa20-persistence.maven-pom" value="" />
    <property name="libs.jpa20-persistence.classpath" value="C:\Program Files\NetBeans-17\netbeans\java\modules\ext\eclipselink\jakarta.persistence-2.2.3.jar" />
    <property name="java.vm.specification.version" value="21" />
    <property name="libs.CopyLibs.maven-pom" value="" />
    <property name="libs.eclipselinkmodelgen.javadoc" value="" />
    <property name="libs.junit_5.classpath" value="C:\Program Files\NetBeans-17\netbeans\platform\modules\ext\junit-jupiter-api-5.6.0.jar;C:\Program Files\NetBeans-17\netbeans\platform\modules\ext\junit-jupiter-params-5.6.0.jar;C:\Program Files\NetBeans-17\netbeans\platform\modules\ext\junit-jupiter-engine-5.6.0.jar" />
    <property name="os.name" value="Windows 11" />
    <property name="libs.jakartaee-api-8.0.maven-pom" value="" />
    <property name="javadoc.noindex" value="false" />
    <property name="file.reference.jacocoant.jar" value="lib\jacocoant.jar" />
    <property name="jdkBug6558476" value="false" />
    <property name="javadoc.private" value="false" />
    <property name="libs.spring-webmvc4.0.maven-pom" value="" />
    <property name="javadoc.author" value="false" />
    <property name="libs.JAXB-ENDORSED.maven-pom" value="" />
    <property name="test.dir" value="build/test/classes" />
    <property name="libs.jsp-compilation-syscp.javadoc" value="" />
    <property name="user.home" value="C:\Users\admin" />
    <property name="source.encoding" value="UTF-8" />
    <property name="libs.eclipselinkmodelgen.maven-pom" value="" />
    <property name="jar.compress" value="false" />
    <property name="have.sources" value="true" />
    <property name="libs.javaee-api-7.0.javadoc" value="C:\Program Files\NetBeans-17\netbeans\enterprise\docs\javaee-doc-api.jar" />
    <property name="annotation.processing.processors.list" value="" />
    <property name="javac.deprecation" value="false" />
    <property name="libs.spring-webmvc5.0.src" value="" />
    <property name="file.reference.jaxb-api-2.1.jar" value="lib/jaxb-api-2.1.jar" />
    <property name="libs.jsf20.maven-pom" value="" />
    <property name="libs.restlib.classpath" value="C:\Program Files\NetBeans-17\netbeans\enterprise\modules\ext\jersey2\jakarta.annotation-api-1.3.5.jar;C:\Program Files\NetBeans-17\netbeans\enterprise\modules\ext\jersey2\jakarta.persistence-api-2.2.3.jar;C:\Program Files\NetBeans-17\netbeans\enterprise\modules\ext\jersey2\jakarta.servlet-api-4.0.4.jar;C:\Program Files\NetBeans-17\netbeans\enterprise\modules\ext\jersey2\jakarta.validation-api-2.0.2.jar;C:\Program Files\NetBeans-17\netbeans\enterprise\modules\ext\jersey2\jakarta.xml.bind-api-2.3.3.jar;C:\Program Files\NetBeans-17\netbeans\enterprise\modules\ext\jersey2\jersey-client-2.34.jar;C:\Program Files\NetBeans-17\netbeans\enterprise\modules\ext\jersey2\jersey-common-2.34.jar;C:\Program Files\NetBeans-17\netbeans\enterprise\modules\ext\jersey2\jersey-server-2.34.jar;C:\Program Files\NetBeans-17\netbeans\enterprise\modules\ext\jersey2\jersey-entity-filtering-2.34.jar;C:\Program Files\NetBeans-17\netbeans\enterprise\modules\ext\jersey2\jersey-hk2-2.34.jar;C:\Program Files\NetBeans-17\netbeans\enterprise\modules\ext\jersey2\jersey-media-moxy-2.34.jar;C:\Program Files\NetBeans-17\netbeans\enterprise\modules\ext\jersey2\jersey-container-servlet-2.34.jar;C:\Program Files\NetBeans-17\netbeans\enterprise\modules\ext\jersey2\jersey-container-servlet-core-2.34.jar;C:\Program Files\NetBeans-17\netbeans\enterprise\modules\ext\jersey2\hk2-api-2.6.1.jar;C:\Program Files\NetBeans-17\netbeans\enterprise\modules\ext\jersey2\hk2-locator-2.6.1.jar;C:\Program Files\NetBeans-17\netbeans\enterprise\modules\ext\jersey2\hk2-utils-2.6.1.jar;C:\Program Files\NetBeans-17\netbeans\enterprise\modules\ext\jersey2\jakarta.inject-2.6.1.jar;C:\Program Files\NetBeans-17\netbeans\enterprise\modules\ext\jersey2\aopalliance-repackaged-2.6.1.jar;C:\Program Files\NetBeans-17\netbeans\enterprise\modules\ext\jersey2\osgi.core-8.0.0.jar;C:\Program Files\NetBeans-17\netbeans\enterprise\modules\ext\jersey2\osgi-resource-locator-1.0.3.jar;C:\Program Files\NetBeans-17\netbeans\java\modules\ext\eclipselink\org.eclipse.persistence.core-2.7.10.jar;C:\Program Files\NetBeans-17\netbeans\java\modules\ext\eclipselink\org.eclipse.persistence.asm-9.2.0.jar;C:\Program Files\NetBeans-17\netbeans\java\modules\ext\eclipselink\org.eclipse.persistence.antlr-2.7.10.jar;C:\Program Files\NetBeans-17\netbeans\java\modules\ext\eclipselink\org.eclipse.persistence.jpa-2.7.10.jar;C:\Program Files\NetBeans-17\netbeans\java\modules\ext\eclipselink\org.eclipse.persistence.jpa.jpql-2.7.10.jar;C:\Program Files\NetBeans-17\netbeans\java\modules\ext\eclipselink\org.eclipse.persistence.moxy-2.7.10.jar" />
    <property name="libs.jakartaee-web-api-8.0.javadoc" value="C:\Program Files\NetBeans-17\netbeans\enterprise\docs\jakartaee8-doc-api.jar" />
    <property name="build.generated.sources.dir" value="build/web/WEB-INF/classes/generated-sources" />
    <property name="libs.graaljs.src" value="" />
    <property name="libs.primefaces.src" value="" />
    <property name="do.tmp.war.package.with.custom.manifest" value="true" />
    <property name="libs.eclipselinkmodelgen.src" value="" />
    <property name="file.reference.jacocoagent.jar" value="lib\jacocoagent.jar" />
    <property name="build.classes.excludes" value="**/*.java,**/*.form" />
    <property name="ant.file" value="C:\Users\admin\Desktop\SWT301\SWT301_Labbb\build.xml" />
    <property name="j2ee.server.type" value="Tomcat" />
    <property name="libs.jakartaee-web-api-9.0.classpath" value="C:\Program Files\NetBeans-17\netbeans\enterprise\modules\ext\jakarta.jakartaee-web-api-9.0.0.jar" />
    <property name="libs.spring-webmvc4.0.classpath" value="C:\Program Files\NetBeans-17\netbeans\java\modules\ext\spring-4\spring-webmvc-4.3.29.RELEASE.jar" />
    <property name="libs.struts.src" value="" />
    <property name="stdout.encoding" value="UTF-8" />
    <property name="path.separator" value=";" />
    <property name="libs.javaee-endorsed-api-7.0.javadoc" value="C:\Program Files\NetBeans-17\netbeans\enterprise\docs\javaee-doc-api.jar" />
    <property name="libs.JAXB-ENDORSED.classpath" value="C:\Program Files\NetBeans-17\netbeans\ide\modules\ext\jaxb\api\jaxb-api.jar" />
    <property name="os.version" value="10.0" />
    <property name="libs.restlib.src" value="" />
    <property name="libs.CopyLibs.javadoc" value="" />
    <property name="build.test.results.dir" value="build/web/WEB-INF/classes/test/results" />
    <property name="debug-transport-by-os" value="dt_shmem" />
    <property name="libs.javaee-api-8.0.javadoc" value="C:\Program Files\NetBeans-17\netbeans\enterprise\docs\javaee-doc-api.jar" />
    <property name="libs.jsf20.src" value="" />
    <property name="libs.jaxws21.javadoc" value="C:\Program Files\NetBeans-17\netbeans\java\docs\jaxws-api-doc.zip" />
    <property name="libs.javaee-endorsed-api-6.0.javadoc" value="C:\Program Files\NetBeans-17\netbeans\enterprise\docs\javaee-doc-api.jar" />
    <property name="libs.spring-framework400.maven-pom" value="" />
    <property name="ap.processors.internal" value="" />
    <property name="java.vm.name" value="Java HotSpot(TM) 64-Bit Server VM" />
    <property name="libs.jakartaee-api-10.0.javadoc" value="C:\Program Files\NetBeans-17\netbeans\enterprise\docs\jakartaee10-doc-api.jar" />
    <property name="libs.jstl.javadoc" value="C:\Program Files\NetBeans-17\netbeans\enterprise\docs\javaee-doc-api.jar" />
    <property name="libs.javaee-endorsed-api-7.0.maven-pom" value="" />
    <property name="libs.jsf12.classpath" value="C:\Program Files\NetBeans-17\netbeans\enterprise\modules\ext\jsf-1_2\jsf-api.jar;C:\Program Files\NetBeans-17\netbeans\enterprise\modules\ext\jsf-1_2\jsf-impl.jar" />
    <property name="libs.spring-webmvc5.0.javadoc" value="" />
    <property name="libs.jaxws21.classpath" value="C:\Program Files\NetBeans-17\netbeans\java\modules\ext\jaxws22\api\jakarta.jws-api.jar;C:\Program Files\NetBeans-17\netbeans\java\modules\ext\jaxws22\api\jakarta.xml.soap-api.jar;C:\Program Files\NetBeans-17\netbeans\java\modules\ext\jaxws22\api\jakarta.xml.ws-api.jar;C:\Program Files\NetBeans-17\netbeans\java\modules\ext\jaxws22\FastInfoset.jar;C:\Program Files\NetBeans-17\netbeans\java\modules\ext\jaxws22\gmbal-api-only.jar;C:\Program Files\NetBeans-17\netbeans\java\modules\ext\jaxws22\ha-api.jar;C:\Program Files\NetBeans-17\netbeans\java\modules\ext\jaxws22\jakarta.mail.jar;C:\Program Files\NetBeans-17\netbeans\java\modules\ext\jaxws22\jaxws-rt.jar;C:\Program Files\NetBeans-17\netbeans\java\modules\ext\jaxws22\jaxws-tools.jar;C:\Program Files\NetBeans-17\netbeans\java\modules\ext\jaxws22\management-api.jar;C:\Program Files\NetBeans-17\netbeans\java\modules\ext\jaxws22\mimepull.jar;C:\Program Files\NetBeans-17\netbeans\java\modules\ext\jaxws22\policy.jar;C:\Program Files\NetBeans-17\netbeans\java\modules\ext\jaxws22\saaj-impl.jar;C:\Program Files\NetBeans-17\netbeans\java\modules\ext\jaxws22\stax-ex.jar;C:\Program Files\NetBeans-17\netbeans\java\modules\ext\jaxws22\stax2-api.jar;C:\Program Files\NetBeans-17\netbeans\java\modules\ext\jaxws22\streambuffer.jar;C:\Program Files\NetBeans-17\netbeans\java\modules\ext\jaxws22\woodstox-core.jar;C:\Program Files\NetBeans-17\netbeans\ide\modules\ext\jaxb\api\jaxb-api.jar;C:\Program Files\NetBeans-17\netbeans\ide\modules\ext\jaxb\activation.jar;C:\Program Files\NetBeans-17\netbeans\ide\modules\ext\jaxb\jaxb-impl.jar;C:\Program Files\NetBeans-17\netbeans\ide\modules\ext\jaxb\jaxb-xjc.jar" />
    <property name="jacoco.report.dir" value="coverage-report" />
    <property name="libs.restapi.classpath" value="C:\Program Files\NetBeans-17\netbeans\enterprise\modules\ext\jaxrs-2.1\jakarta.ws.rs-api-2.1.6.jar" />
    <property name="os.arch" value="amd64" />
    <property name="build.generated.dir" value="build/web/WEB-INF/classes/generated" />
    <property name="libs.hamcrest.javadoc" value="" />
    <property name="libs.spring-framework400.javadoc" value="" />
    <property name="file.reference.junit-4.13.2.jar" value="C:\Program Files\NetBeans-17\netbeans\platform\modules\ext\junit-4.13.2.jar" />
    <property name="libs.groovy-all.javadoc" value="" />
    <property name="libs.jakartaee-api-8.0.classpath" value="C:\Program Files\NetBeans-17\netbeans\enterprise\modules\ext\jakarta.jakartaee-api-8.0.0.jar" />
    <property name="libs.javaee-web-api-7.0.javadoc" value="C:\Program Files\NetBeans-17\netbeans\enterprise\docs\javaee-doc-api.jar" />
    <property name="java.vm.info" value="mixed mode, sharing" />
    <property name="libs.javaee-endorsed-api-6.0.src" value="" />
    <property name="file.reference.byte-buddy-1.17.1.jar" value="C:\Users\admin\Downloads\byte-buddy-1.17.1.jar" />
    <property name="libs.primefaces.classpath" value="C:\Program Files\NetBeans-17\netbeans\enterprise\modules\ext\primefaces\primefaces-5.0.jar" />
    <property name="libs.jaxws21.maven-pom" value="" />
    <property name="build.meta.inf.dir" value="build/web/WEB-INF/classes/web/META-INF" />
    <property name="file.reference.sqljdbc42.jar" value="lib/sqljdbc42.jar" />
    <property name="run.test.classpath" value="lib/jakarta.servlet.jsp.jstl-2.0.0.jar:lib/jakarta.servlet.jsp.jstl-api-2.0.0.jar:lib/jaxb-api-2.1.jar:lib/sqljdbc42.jar:lib\jacocoagent.jar:lib\jacocoant.jar:build/web/WEB-INF/classes/web/WEB-INF/classes:C:\Users\admin\Downloads\byte-buddy-1.17.1.jar:C:\Users\admin\Downloads\mockito-core-4.8.0.jar:C:\Users\admin\Downloads\objenesis-3.4.jar:C:\Program Files\NetBeans-17\netbeans\platform\modules\ext\hamcrest-core-1.3.jar:C:\Program Files\NetBeans-17\netbeans\platform\modules\ext\junit-4.13.2.jar:lib\jacocoagent.jar:lib\jacocoant.jar:build/web/WEB-INF/classes/test/classes" />
    <property name="libs.jsf12.maven-pom" value="" />
    <property name="libs.javaee-endorsed-api-7.0.classpath" value="C:\Program Files\NetBeans-17\netbeans\enterprise\modules\ext\javaee7-endorsed\javax.annotation-api.jar;C:\Program Files\NetBeans-17\netbeans\enterprise\modules\ext\javaee7-endorsed\javax.xml.soap-api.jar;C:\Program Files\NetBeans-17\netbeans\enterprise\modules\ext\javaee7-endorsed\jaxb-api-osgi.jar;C:\Program Files\NetBeans-17\netbeans\enterprise\modules\ext\javaee7-endorsed\jaxws-api.jar;C:\Program Files\NetBeans-17\netbeans\enterprise\modules\ext\javaee7-endorsed\jsr181-api.jar" />
    <property name="java.class.version" value="65.0" />
    <property name="javadoc.encoding.used" value="UTF-8" />
    <property name="src.dir" value="src" />
    <property name="libs.primefaces.maven-pom" value="" />
    <property name="ant.project.default-target" value="default" />
    <property name="debug.classpath" value="build/web/WEB-INF/classes/web/WEB-INF/classes:lib/jakarta.servlet.jsp.jstl-2.0.0.jar:lib/jakarta.servlet.jsp.jstl-api-2.0.0.jar:lib/jaxb-api-2.1.jar:lib/sqljdbc42.jar:lib\jacocoagent.jar:lib\jacocoant.jar" />
    <property name="ant.library.dir" value="C:\Program Files\NetBeans-17\netbeans\extide\ant\lib" />
    <property name="excludes" value="" />
    <property name="libs.javaee-api-7.0.src" value="" />
    <property name="web.docbase.dir" value="web" />
    <property name="ant.project.name" value="prjProject" />
    <property name="dist.javadoc.dir" value="dist/javadoc" />
    <property name="libs.junit_4.javadoc" value="C:\Program Files\NetBeans-17\netbeans\platform\docs\junit-4.13.2-javadoc.jar" />
    <property name="sun.jnu.encoding" value="UTF-8" />
    <property name="default.javac.target" value="17" />
    <property name="javac.fork" value="false" />
    <property name="libs.spring-webmvc4.0.src" value="" />
    <property name="libs.eclipselink.classpath" value="C:\Program Files\NetBeans-17\netbeans\java\modules\ext\eclipselink\org.eclipse.persistence.core-2.7.10.jar;C:\Program Files\NetBeans-17\netbeans\java\modules\ext\eclipselink\org.eclipse.persistence.asm-9.2.0.jar;C:\Program Files\NetBeans-17\netbeans\java\modules\ext\eclipselink\org.eclipse.persistence.antlr-2.7.10.jar;C:\Program Files\NetBeans-17\netbeans\java\modules\ext\eclipselink\org.eclipse.persistence.jpa-2.7.10.jar;C:\Program Files\NetBeans-17\netbeans\java\modules\ext\eclipselink\org.eclipse.persistence.jpa.jpql-2.7.10.jar;C:\Program Files\NetBeans-17\netbeans\java\modules\ext\eclipselink\org.eclipse.persistence.moxy-2.7.10.jar;C:\Program Files\NetBeans-17\netbeans\java\modules\ext\eclipselink\jakarta.persistence-2.2.3.jar" />
    <property name="file.reference.mockito-core-4.8.0.jar" value="C:\Users\admin\Downloads\mockito-core-4.8.0.jar" />
    <property name="libs.jsf20.javadoc" value="C:\Program Files\NetBeans-17\netbeans\enterprise\docs\javaee-doc-api.jar" />
    <property name="libs.struts.classpath" value="C:\Program Files\NetBeans-17\netbeans\enterprise\modules\ext\struts\antlr-2.7.2.jar;C:\Program Files\NetBeans-17\netbeans\enterprise\modules\ext\struts\bsf-2.3.0.jar;C:\Program Files\NetBeans-17\netbeans\enterprise\modules\ext\struts\commons-beanutils-1.8.0.jar;C:\Program Files\NetBeans-17\netbeans\enterprise\modules\ext\struts\commons-chain-1.2.jar;C:\Program Files\NetBeans-17\netbeans\enterprise\modules\ext\struts\commons-digester-1.8.jar;C:\Program Files\NetBeans-17\netbeans\enterprise\modules\ext\struts\commons-fileupload-1.1.1.jar;C:\Program Files\NetBeans-17\netbeans\enterprise\modules\ext\struts\commons-io-1.1.jar;C:\Program Files\NetBeans-17\netbeans\enterprise\modules\ext\struts\commons-logging-1.0.4.jar;C:\Program Files\NetBeans-17\netbeans\enterprise\modules\ext\struts\commons-validator-1.3.1.jar;C:\Program Files\NetBeans-17\netbeans\enterprise\modules\ext\struts\jstl-1.0.2.jar;C:\Program Files\NetBeans-17\netbeans\enterprise\modules\ext\struts\oro-2.0.8.jar;C:\Program Files\NetBeans-17\netbeans\enterprise\modules\ext\struts\standard-1.0.6.jar;C:\Program Files\NetBeans-17\netbeans\enterprise\modules\ext\struts\struts-core-1.3.10.jar;C:\Program Files\NetBeans-17\netbeans\enterprise\modules\ext\struts\struts-el-1.3.10.jar;C:\Program Files\NetBeans-17\netbeans\enterprise\modules\ext\struts\struts-extras-1.3.10.jar;C:\Program Files\NetBeans-17\netbeans\enterprise\modules\ext\struts\struts-faces-1.3.10.jar;C:\Program Files\NetBeans-17\netbeans\enterprise\modules\ext\struts\struts-mailreader-dao-1.3.10.jar;C:\Program Files\NetBeans-17\netbeans\enterprise\modules\ext\struts\struts-scripting-1.3.10.jar;C:\Program Files\NetBeans-17\netbeans\enterprise\modules\ext\struts\struts-taglib-1.3.10.jar;C:\Program Files\NetBeans-17\netbeans\enterprise\modules\ext\struts\struts-tiles-1.3.10.jar" />
    <property name="libs.PostgreSQLDriver.maven-pom" value="" />
    <property name="libs.absolutelayout.src" value="" />
    <property name="empty.dir" value="C:\Users\admin\Desktop\SWT301\SWT301_Labbb\build\web\WEB-INF\classes\empty" />
    <property name="j2ee.server.instance" value="tomcat101:home=C:\Program Files\Apache Software Foundation\Tomcat 10.1" />
    <property name="libs.jakartaee-api-10.0.classpath" value="C:\Program Files\NetBeans-17\netbeans\enterprise\modules\ext\jakarta.jakartaee-api-10.0.0.jar" />
    <property name="testng.mode" value="testng" />
    <property name="annotation.processing.enabled.in.editor" value="true" />
    <property name="file.separator" value="\" />
    <property name="java.vm.compressedOopsMode" value="Zero based" />
    <property name="line.separator" value="&#xd;&#xa;" />
    <property name="no.dependencies" value="false" />
    <property name="javadoc.additionalparam" value="" />
    <property name="j2ee.compile.on.save" value="true" />
    <property name="libs.spring-webmvc5.0.classpath" value="C:\Program Files\NetBeans-17\netbeans\java\modules\ext\spring-5\spring-webmvc-5.2.9.RELEASE.jar" />
    <property name="javac.debug" value="true" />
    <property name="libs.restlib.maven-pom" value="" />
    <property name="libs.testng.classpath" value="C:\Program Files\NetBeans-17\netbeans\platform\modules\ext\testng-6.14.3.jar;C:\Program Files\NetBeans-17\netbeans\platform\modules\ext\jcommander-1.78.jar" />
    <property name="libs.jsp-compiler.src" value="" />
    <property name="libs.javaee-web-api-6.0.javadoc" value="C:\Program Files\NetBeans-17\netbeans\enterprise\docs\javaee-doc-api.jar" />
    <property name="user.name" value="admin" />
    <property name="build.classes.dir" value="build/web/WEB-INF/classes/web/WEB-INF/classes" />
    <property name="javadoc.windowtitle" value="" />
    <property name="nb.junit.single" value="false" />
    <property name="libs.groovy-all.classpath" value="C:\Program Files\NetBeans-17\netbeans\groovy\modules\ext\groovy-3.0.8.jar;C:\Program Files\NetBeans-17\netbeans\groovy\modules\ext\groovy-ant-3.0.8.jar" />
    <property name="libs.javaee-api-7.0.maven-pom" value="" />
    <property name="libs.javaee-api-8.0.maven-pom" value="" />
    <property name="runmain.jvmargs" value="" />
    <property name="libs.absolutelayout.javadoc" value="" />
    <property name="libs.jaxws21.src" value="" />
    <property name="file.reference.objenesis-3.4.jar" value="C:\Users\admin\Downloads\objenesis-3.4.jar" />
    <property name="libs.jakartaee-web-api-9.0.javadoc" value="C:\Program Files\NetBeans-17\netbeans\enterprise\docs\jakartaee9-doc-api.jar" />
    <property name="libs.jaxb.maven-pom" value="" />
    <property name="libs.javaee-api-6.0.maven-pom" value="" />
    <property name="platforms.JDK_11.bootclasspath" value="C:\Program Files\Java\jdk-11\!/modules/java.base/;C:\Program Files\Java\jdk-11\!/modules/java.compiler/;C:\Program Files\Java\jdk-11\!/modules/java.datatransfer/;C:\Program Files\Java\jdk-11\!/modules/java.desktop/;C:\Program Files\Java\jdk-11\!/modules/java.instrument/;C:\Program Files\Java\jdk-11\!/modules/java.logging/;C:\Program Files\Java\jdk-11\!/modules/java.management/;C:\Program Files\Java\jdk-11\!/modules/java.management.rmi/;C:\Program Files\Java\jdk-11\!/modules/java.naming/;C:\Program Files\Java\jdk-11\!/modules/java.net.http/;C:\Program Files\Java\jdk-11\!/modules/java.prefs/;C:\Program Files\Java\jdk-11\!/modules/java.rmi/;C:\Program Files\Java\jdk-11\!/modules/java.scripting/;C:\Program Files\Java\jdk-11\!/modules/java.se/;C:\Program Files\Java\jdk-11\!/modules/java.security.jgss/;C:\Program Files\Java\jdk-11\!/modules/java.security.sasl/;C:\Program Files\Java\jdk-11\!/modules/java.smartcardio/;C:\Program Files\Java\jdk-11\!/modules/java.sql/;C:\Program Files\Java\jdk-11\!/modules/java.sql.rowset/;C:\Program Files\Java\jdk-11\!/modules/java.transaction.xa/;C:\Program Files\Java\jdk-11\!/modules/java.xml/;C:\Program Files\Java\jdk-11\!/modules/java.xml.crypto/;C:\Program Files\Java\jdk-11\!/modules/jdk.accessibility/;C:\Program Files\Java\jdk-11\!/modules/jdk.attach/;C:\Program Files\Java\jdk-11\!/modules/jdk.charsets/;C:\Program Files\Java\jdk-11\!/modules/jdk.compiler/;C:\Program Files\Java\jdk-11\!/modules/jdk.crypto.cryptoki/;C:\Program Files\Java\jdk-11\!/modules/jdk.crypto.ec/;C:\Program Files\Java\jdk-11\!/modules/jdk.crypto.mscapi/;C:\Program Files\Java\jdk-11\!/modules/jdk.dynalink/;C:\Program Files\Java\jdk-11\!/modules/jdk.editpad/;C:\Program Files\Java\jdk-11\!/modules/jdk.hotspot.agent/;C:\Program Files\Java\jdk-11\!/modules/jdk.httpserver/;C:\Program Files\Java\jdk-11\!/modules/jdk.internal.ed/;C:\Program Files\Java\jdk-11\!/modules/jdk.internal.jvmstat/;C:\Program Files\Java\jdk-11\!/modules/jdk.internal.le/;C:\Program Files\Java\jdk-11\!/modules/jdk.internal.opt/;C:\Program Files\Java\jdk-11\!/modules/jdk.internal.vm.ci/;C:\Program Files\Java\jdk-11\!/modules/jdk.internal.vm.compiler/;C:\Program Files\Java\jdk-11\!/modules/jdk.internal.vm.compiler.management/;C:\Program Files\Java\jdk-11\!/modules/jdk.jartool/;C:\Program Files\Java\jdk-11\!/modules/jdk.javadoc/;C:\Program Files\Java\jdk-11\!/modules/jdk.jcmd/;C:\Program Files\Java\jdk-11\!/modules/jdk.jconsole/;C:\Program Files\Java\jdk-11\!/modules/jdk.jdeps/;C:\Program Files\Java\jdk-11\!/modules/jdk.jdi/;C:\Program Files\Java\jdk-11\!/modules/jdk.jdwp.agent/;C:\Program Files\Java\jdk-11\!/modules/jdk.jfr/;C:\Program Files\Java\jdk-11\!/modules/jdk.jlink/;C:\Program Files\Java\jdk-11\!/modules/jdk.jshell/;C:\Program Files\Java\jdk-11\!/modules/jdk.jsobject/;C:\Program Files\Java\jdk-11\!/modules/jdk.jstatd/;C:\Program Files\Java\jdk-11\!/modules/jdk.localedata/;C:\Program Files\Java\jdk-11\!/modules/jdk.management/;C:\Program Files\Java\jdk-11\!/modules/jdk.management.agent/;C:\Program Files\Java\jdk-11\!/modules/jdk.management.jfr/;C:\Program Files\Java\jdk-11\!/modules/jdk.naming.dns/;C:\Program Files\Java\jdk-11\!/modules/jdk.naming.ldap/;C:\Program Files\Java\jdk-11\!/modules/jdk.naming.rmi/;C:\Program Files\Java\jdk-11\!/modules/jdk.net/;C:\Program Files\Java\jdk-11\!/modules/jdk.pack/;C:\Program Files\Java\jdk-11\!/modules/jdk.rmic/;C:\Program Files\Java\jdk-11\!/modules/jdk.scripting.nashorn/;C:\Program Files\Java\jdk-11\!/modules/jdk.scripting.nashorn.shell/;C:\Program Files\Java\jdk-11\!/modules/jdk.sctp/;C:\Program Files\Java\jdk-11\!/modules/jdk.security.auth/;C:\Program Files\Java\jdk-11\!/modules/jdk.security.jgss/;C:\Program Files\Java\jdk-11\!/modules/jdk.unsupported/;C:\Program Files\Java\jdk-11\!/modules/jdk.unsupported.desktop/;C:\Program Files\Java\jdk-11\!/modules/jdk.xml.dom/;C:\Program Files\Java\jdk-11\!/modules/jdk.zipfs/" />
    <property name="dist.dir" value="dist" />
    <property name="build.dir" value="build/web/WEB-INF/classes" />
    <property name="libs.graaljs.maven-pom" value="" />
    <property name="libs.junit_5.maven-pom" value="" />
    <property name="libs.jpa20-persistence.javadoc" value="C:\Program Files\NetBeans-17\netbeans\java\modules\ext\docs\jakarta.persistence-2.2.3-doc.zip" />
    <property name="javadoc.version" value="false" />
    <property name="libs.metro.classpath" value="C:\Program Files\NetBeans-17\netbeans\ide\modules\ext\jaxb\activation.jar;C:\Program Files\NetBeans-17\netbeans\enterprise\modules\ext\metro\webservices-api.jar;C:\Program Files\NetBeans-17\netbeans\enterprise\modules\ext\metro\webservices-extra-api.jar;C:\Program Files\NetBeans-17\netbeans\enterprise\modules\ext\metro\webservices-extra.jar;C:\Program Files\NetBeans-17\netbeans\enterprise\modules\ext\metro\webservices-rt.jar;C:\Program Files\NetBeans-17\netbeans\enterprise\modules\ext\metro\webservices-tools.jar" />
    <property name="libs.metro.src" value="" />
    <property name="libs.JWSAntTasks.src" value="" />
    <property name="ant.home" value="C:\Program Files\NetBeans-17\netbeans\extide\ant" />
    <property name="libs.CopyLibs.classpath" value="C:\Program Files\NetBeans-17\netbeans\java\ant\extra\org-netbeans-modules-java-j2seproject-copylibstask.jar" />
    <property name="libs.spring-webmvc3.0.src" value="" />
    <property name="debug.test.classpath" value="lib/jakarta.servlet.jsp.jstl-2.0.0.jar:lib/jakarta.servlet.jsp.jstl-api-2.0.0.jar:lib/jaxb-api-2.1.jar:lib/sqljdbc42.jar:lib\jacocoagent.jar:lib\jacocoant.jar:build/web/WEB-INF/classes/web/WEB-INF/classes:C:\Users\admin\Downloads\byte-buddy-1.17.1.jar:C:\Users\admin\Downloads\mockito-core-4.8.0.jar:C:\Users\admin\Downloads\objenesis-3.4.jar:C:\Program Files\NetBeans-17\netbeans\platform\modules\ext\hamcrest-core-1.3.jar:C:\Program Files\NetBeans-17\netbeans\platform\modules\ext\junit-4.13.2.jar:lib\jacocoagent.jar:lib\jacocoant.jar:build/web/WEB-INF/classes/test/classes" />
    <property name="have.tests" value="true" />
    <property name="sun.os.patch.level" value="" />
    <property name="file.reference.jakarta.servlet.jsp.jstl-2.0.0.jar" value="lib/jakarta.servlet.jsp.jstl-2.0.0.jar" />
    <property name="testng.debug.mode" value="" />
    <property name="deploy.ant.properties.file" value="C:\Users\admin\AppData\Roaming\NetBeans\17\tomcat101.properties" />
    <property name="javac.target" value="17" />
    <property name="ant.version" value="Apache Ant(TM) version 1.10.8 compiled on May 10 2020" />
    <property name="libs.absolutelayout.maven-pom" value="" />
    <property name="javac.test.processorpath" value="lib/jakarta.servlet.jsp.jstl-2.0.0.jar:lib/jakarta.servlet.jsp.jstl-api-2.0.0.jar:lib/jaxb-api-2.1.jar:lib/sqljdbc42.jar:lib\jacocoagent.jar:lib\jacocoant.jar:build/web/WEB-INF/classes/web/WEB-INF/classes:C:\Users\admin\Downloads\byte-buddy-1.17.1.jar:C:\Users\admin\Downloads\mockito-core-4.8.0.jar:C:\Users\admin\Downloads\objenesis-3.4.jar:C:\Program Files\NetBeans-17\netbeans\platform\modules\ext\hamcrest-core-1.3.jar:C:\Program Files\NetBeans-17\netbeans\platform\modules\ext\junit-4.13.2.jar:lib\jacocoagent.jar:lib\jacocoant.jar" />
    <property name="libs.javaee-web-api-7.0.maven-pom" value="" />
    <property name="libs.javaee-web-api-8.0.maven-pom" value="" />
    <property name="libs.spring-framework500.src" value="" />
    <property name="libs.javaee-api-6.0.src" value="" />
    <property name="user.properties.file" value="C:\Users\admin\AppData\Roaming\NetBeans\17\build.properties" />
    <property name="libs.hamcrest.maven-pom" value="" />
    <property name="javac.processorpath" value="lib/jakarta.servlet.jsp.jstl-2.0.0.jar:lib/jakarta.servlet.jsp.jstl-api-2.0.0.jar:lib/jaxb-api-2.1.jar:lib/sqljdbc42.jar:lib\jacocoagent.jar:lib\jacocoant.jar" />
    <property name="persistence.xml.dir" value="src/conf" />
    <property name="java.class.path" value="C:\Users\admin\Desktop\SWT301\SWT301_Labbb\build\web\WEB-INF\classes;C:\Users\admin\Desktop\SWT301\SWT301_Labbb\lib\byte-buddy-1.17.1.jar;C:\Users\admin\Desktop\SWT301\SWT301_Labbb\lib\hamcrest-core-1.3.jar;C:\Users\admin\Desktop\SWT301\SWT301_Labbb\lib\jacocoagent.jar;C:\Users\admin\Desktop\SWT301\SWT301_Labbb\lib\jacocoant.jar;C:\Users\admin\Desktop\SWT301\SWT301_Labbb\lib\jakarta.servlet.jsp.jstl-2.0.0.jar;C:\Users\admin\Desktop\SWT301\SWT301_Labbb\lib\jakarta.servlet.jsp.jstl-api-2.0.0.jar;C:\Users\admin\Desktop\SWT301\SWT301_Labbb\lib\jaxb-api-2.1.jar;C:\Users\admin\Desktop\SWT301\SWT301_Labbb\lib\junit-4.13.2.jar;C:\Users\admin\Desktop\SWT301\SWT301_Labbb\lib\mockito-core-4.8.0.jar;C:\Users\admin\Desktop\SWT301\SWT301_Labbb\lib\objenesis-3.4.jar;C:\Users\admin\Desktop\SWT301\SWT301_Labbb\lib\sqljdbc42.jar;C:\Program Files\NetBeans-17\netbeans\extide\ant\lib\ant-launcher.jar;C:\Program Files\NetBeans-17\netbeans\extide\ant\lib\ant.jar;C:\Program Files\NetBeans-17\netbeans\extide\ant\lib\ant-junit.jar;C:\Program Files\NetBeans-17\netbeans\extide\ant\lib\ant-junit4.jar" />
    <property name="libs.javaee-api-6.0.javadoc" value="C:\Program Files\NetBeans-17\netbeans\enterprise\docs\javaee-doc-api.jar" />
    <property name="libs.javaee-web-api-6.0.maven-pom" value="" />
    <property name="libs.JWSAntTasks.maven-pom" value="" />
    <property name="java.vm.vendor" value="Oracle Corporation" />
    <property name="ap.supported.internal" value="true" />
    <property name="user.variant" value="" />
    <property name="conf.dir" value="src/conf" />
    <property name="test.binaryexcludes" value="" />
    <property name="build.dir.to.clean" value="build/web/WEB-INF/classes/web" />
    <property name="javac.compilerargs" value="" />
    <property name="libs.jstl.maven-pom" value="" />
    <property name="jspc.schemas" value="/resources/schemas/" />
    <property name="libs.jakartaee-web-api-8.0.src" value="" />
    <property name="sun.java.launcher" value="SUN_STANDARD" />
    <property name="user.country" value="US" />
    <property name="libs.jakartaee-api-9.0.maven-pom" value="" />
    <property name="has.custom.manifest" value="true" />
    <property name="libs.jpa20-persistence.src" value="" />
    <property name="libs.restapi.javadoc" value="" />
    <property name="display.browser" value="true" />
    <property name="sun.cpu.endian" value="little" />
    <property name="libs.jakartaee-api-9.0.src" value="" />
    <property name="libs.junit_4.src" value="C:\Program Files\NetBeans-17\netbeans\platform\docs\junit-4.13.2-sources.jar" />
    <property name="libs.spring-webmvc3.0.maven-pom" value="" />
    <property name="user.language" value="en" />
    <property name="resource.dir" value="setup" />
    <property name="do.debug.server" value="true" />
    <property name="libs.javaee-web-api-6.0.src" value="" />
    <property name="includes" value="**" />
    <property name="javadoc.nonavbar" value="false" />
    <property name="do.display.browser" value="true" />
    <property name="libs.javaee-api-8.0.src" value="" />
    <property name="ant.file.type.prjProject-impl" value="file" />
    <property name="file.reference.hamcrest-core-1.3.jar" value="C:\Program Files\NetBeans-17\netbeans\platform\modules\ext\hamcrest-core-1.3.jar" />
    <property name="ant.java.version" value="21" />
    <property name="libs.junit_4.classpath" value="C:\Program Files\NetBeans-17\netbeans\platform\modules\ext\junit-4.13.2.jar" />
    <property name="libs.jsf12.javadoc" value="C:\Program Files\NetBeans-17\netbeans\enterprise\docs\javaee-doc-api.jar" />
    <property name="libs.jakartaee-api-9.0.javadoc" value="C:\Program Files\NetBeans-17\netbeans\enterprise\docs\jakartaee9-doc-api.jar" />
    <property name="libs.hamcrest.classpath" value="C:\Program Files\NetBeans-17\netbeans\platform\modules\ext\hamcrest-core-1.3.jar" />
    <property name="dist.war" value="dist/prjProject.war" />
    <property name="javadoc.splitindex" value="true" />
    <property name="libs.JWSAntTasks.classpath" value="C:\Program Files\NetBeans-17\netbeans\java\ant\extra\org-netbeans-modules-javawebstart-anttasks.jar" />
    <property name="junit.available" value="true" />
    <property name="test.binarytestincludes" value="" />
    <property name="war.content.additional" value="" />
    <property name="libs.junit_4.maven-pom" value="" />
    <property name="libs.spring-webmvc5.0.maven-pom" value="" />
    <property name="libs.jsp-compiler.maven-pom" value="" />
    <property name="javadoc.encoding" value="UTF-8" />
    <property name="libs.jakartaee-web-api-10.0.javadoc" value="C:\Program Files\NetBeans-17\netbeans\enterprise\docs\jakartaee10-doc-api.jar" />
    <property name="javac.classpath" value="lib/jakarta.servlet.jsp.jstl-2.0.0.jar:lib/jakarta.servlet.jsp.jstl-api-2.0.0.jar:lib/jaxb-api-2.1.jar:lib/sqljdbc42.jar:lib\jacocoagent.jar:lib\jacocoant.jar" />
    <property name="libs.jakartaee-web-api-8.0.classpath" value="C:\Program Files\NetBeans-17\netbeans\enterprise\modules\ext\jakarta.jakartaee-web-api-8.0.0.jar" />
    <property name="j2ee.platform" value="10-web" />
    <property name="libs.jsp-compilation-syscp.maven-pom" value="" />
    <property name="libs.jstl.src" value="" />
    <property name="nb.junit.batch" value="true" />
    <property name="libs.jakartaee-web-api-10.0.maven-pom" value="" />
    <property name="build.test.classes.dir" value="build/web/WEB-INF/classes/test/classes" />
    <property name="libs.spring-webmvc3.0.classpath" value="C:\Program Files\NetBeans-17\netbeans\java\modules\ext\spring-3.0\spring-webmvc-3.2.18.RELEASE.jar" />
    <property name="java.runtime.name" value="Java(TM) SE Runtime Environment" />
    <property name="libs.jaxb.javadoc" value="C:\Program Files\NetBeans-17\netbeans\ide\docs\jaxb-api-doc.jar" />
    <property name="libs.spring-framework300.maven-pom" value="" />
    <property name="libs.spring-framework500.maven-pom" value="" />
    <property name="ant.project.invoked-targets" value="clean,compile,test-with-coverage" />
    <property name="libs.jstl.classpath" value="C:\Program Files\NetBeans-17\netbeans\enterprise\modules\ext\jstl-impl.jar;C:\Program Files\NetBeans-17\netbeans\enterprise\modules\ext\jstl-api.jar" />
    <property name="ap.cmd.line.internal" value="" />
    <property name="client.urlPart" value="" />
    <property name="file.reference.jakarta.servlet.jsp.jstl-api-2.0.0.jar" value="lib/jakarta.servlet.jsp.jstl-api-2.0.0.jar" />
    <property name="libs.PostgreSQLDriver.src" value="" />
    <property name="report.dir" value="reports" />
    <property name="ant.core.lib" value="C:\Program Files\NetBeans-17\netbeans\extide\ant\lib\ant.jar" />
    <property name="java.vendor.url.bug" value="https://bugreport.java.com/bugreport/" />
    <property name="annotation.processing.source.output" value="build/web/WEB-INF/classes/generated-sources/ap-source-output" />
    <property name="libs.jsp-compilation.maven-pom" value="" />
    <property name="libs.javaee-endorsed-api-6.0.maven-pom" value="" />
    <property name="platforms.JDK_11.compiler" value="modern" />
    <property name="user.dir" value="C:\Users\admin\Desktop\SWT301\SWT301_Labbb" />
    <property name="libs.jakartaee-api-9.0.classpath" value="C:\Program Files\NetBeans-17\netbeans\enterprise\modules\ext\jakarta.jakartaee-api-9.0.0.jar" />
    <property name="no.dist.ear.dir" value="true" />
    <property name="libs.jakartaee-api-10.0.src" value="" />
    <property name="libs.PostgreSQLDriver.javadoc" value="" />
    <property name="libs.jakartaee-web-api-8.0.maven-pom" value="" />
    <property name="libs.eclipselink.src" value="" />
    <property name="libs.jsp-compilation-syscp.classpath" value="C:\Program Files\NetBeans-17\netbeans\extide\ant\lib\ant.jar;C:\Program Files\NetBeans-17\netbeans\enterprise\modules\ext\servlet3.1-jsp2.3-api.jar;C:\Program Files\NetBeans-17\netbeans\enterprise\modules\ext\glassfish-jspparser-4.0.jar;C:\Program Files\NetBeans-17\netbeans\enterprise\modules\ext\jstl-impl.jar;C:\Program Files\NetBeans-17\netbeans\enterprise\modules\ext\jsf-2_2\javax.faces.jar" />
    <property name="libs.jsp-compilation.classpath" value="C:\Program Files\NetBeans-17\netbeans\extide\ant\lib\ant.jar;C:\Program Files\NetBeans-17\netbeans\enterprise\modules\ext\servlet3.1-jsp2.3-api.jar;C:\Program Files\NetBeans-17\netbeans\enterprise\modules\ext\glassfish-jspparser-4.0.jar;C:\Program Files\NetBeans-17\netbeans\enterprise\modules\ext\jsf-2_2\javax.faces.jar;C:\Program Files\NetBeans-17\netbeans\enterprise\modules\ext\jstl-api.jar;C:\Program Files\NetBeans-17\netbeans\extide\ant\lib\ant-launcher.jar" />
    <property name="java.vm.version" value="21.0.1+12-LTS-29" />
    <property name="libs.metro.javadoc" value="C:\Program Files\NetBeans-17\netbeans\enterprise\docs\webservices-api-javadoc.jar;C:\Program Files\NetBeans-17\netbeans\enterprise\docs\webservices-extra-javadoc.jar;C:\Program Files\NetBeans-17\netbeans\enterprise\docs\webservices-extra-api-javadoc.jar;C:\Program Files\NetBeans-17\netbeans\enterprise\docs\webservices-rt-javadoc.jar;C:\Program Files\NetBeans-17\netbeans\enterprise\docs\webservices-tools-javadoc.jar" />
    <property name="libs.jakartaee-web-api-9.0.src" value="" />
    <property name="do.display.browser.debug.old" value="true" />
    <property name="libs.jakartaee-web-api-10.0.classpath" value="C:\Program Files\NetBeans-17\netbeans\enterprise\modules\ext\jakarta.jakartaee-web-api-10.0.0.jar" />
    <property name="war.ear.name" value="prjProject.war" />
    <property name="annotation.processing.run.all.processors" value="true" />
    <property name="libs.jakartaee-api-8.0.src" value="" />
    <property name="libs.javaee-web-api-7.0.src" value="" />
    <property name="libs.jsp-compiler.classpath" value="C:\Program Files\NetBeans-17\netbeans\enterprise\ant\extra\jspcompile.jar" />
    <property name="war.name" value="prjProject.war" />
    <property name="libs.javaee-endorsed-api-6.0.classpath" value="C:\Program Files\NetBeans-17\netbeans\enterprise\modules\ext\javaee6-endorsed\javax.annotation.jar;C:\Program Files\NetBeans-17\netbeans\enterprise\modules\ext\javaee6-endorsed\jaxb-api-osgi.jar;C:\Program Files\NetBeans-17\netbeans\enterprise\modules\ext\javaee6-endorsed\webservices-api-osgi.jar" />
  </properties>
  <error message="TableDAOTest" type="java.lang.ClassNotFoundException">java.lang.ClassNotFoundException: TableDAOTest
	at java.base/jdk.internal.loader.BuiltinClassLoader.loadClass(BuiltinClassLoader.java:641)
	at java.base/jdk.internal.loader.ClassLoaders$AppClassLoader.loadClass(ClassLoaders.java:188)
	at java.base/java.lang.ClassLoader.loadClass(ClassLoader.java:526)
	at java.base/java.lang.Class.forName0(Native Method)
	at java.base/java.lang.Class.forName(Class.java:534)
	at java.base/java.lang.Class.forName(Class.java:513)
</error>
  <system-out><![CDATA[]]></system-out>
  <system-err><![CDATA[]]></system-err>
</testsuite>
