<?xml version="1.0" encoding="UTF-8" ?>
<testsuite errors="1" failures="0" hostname="hoichamTO" name="test.classes.dal.TableDAOTest" skipped="0" tests="1" time="0.0" timestamp="2025-03-11T06:40:04">
  <properties>
    <property name="ant.library.dir" value="C:\Program Files\NetBeans-17\netbeans\extide\ant\lib" />
    <property name="ant.file.type" value="file" />
    <property name="java.specification.version" value="21" />
    <property name="ant.project.name" value="prjProject" />
    <property name="sun.cpu.isalist" value="amd64" />
    <property name="sun.jnu.encoding" value="UTF-8" />
    <property name="java.class.path" value="C:\Users\admin\Desktop\SWT301\SWT301_Labbb\bin;C:\Users\admin\Desktop\SWT301\SWT301_Labbb\lib\byte-buddy-1.17.1.jar;C:\Users\admin\Desktop\SWT301\SWT301_Labbb\lib\hamcrest-core-1.3.jar;C:\Users\admin\Desktop\SWT301\SWT301_Labbb\lib\jacocoagent.jar;C:\Users\admin\Desktop\SWT301\SWT301_Labbb\lib\jacocoant.jar;C:\Users\admin\Desktop\SWT301\SWT301_Labbb\lib\jakarta.servlet.jsp.jstl-2.0.0.jar;C:\Users\admin\Desktop\SWT301\SWT301_Labbb\lib\jakarta.servlet.jsp.jstl-api-2.0.0.jar;C:\Users\admin\Desktop\SWT301\SWT301_Labbb\lib\jaxb-api-2.1.jar;C:\Users\admin\Desktop\SWT301\SWT301_Labbb\lib\junit-4.13.2.jar;C:\Users\admin\Desktop\SWT301\SWT301_Labbb\lib\mockito-core-4.8.0.jar;C:\Users\admin\Desktop\SWT301\SWT301_Labbb\lib\objenesis-3.4.jar;C:\Users\admin\Desktop\SWT301\SWT301_Labbb\lib\sqljdbc42.jar;C:\Program Files\NetBeans-17\netbeans\extide\ant\lib\ant-launcher.jar;C:\Program Files\NetBeans-17\netbeans\extide\ant\lib\ant.jar;C:\Program Files\NetBeans-17\netbeans\extide\ant\lib\ant-junit.jar;C:\Program Files\NetBeans-17\netbeans\extide\ant\lib\ant-junit4.jar" />
    <property name="java.vm.vendor" value="Oracle Corporation" />
    <property name="sun.arch.data.model" value="64" />
    <property name="jspc.dtds" value="/resources/dtds/" />
    <property name="user.variant" value="" />
    <property name="java.vendor.url" value="https://java.oracle.com/" />
    <property name="java.vm.specification.version" value="21" />
    <property name="os.name" value="Windows 11" />
    <property name="ant.file.prjProject" value="C:\Users\admin\Desktop\SWT301\SWT301_Labbb\build.xml" />
    <property name="jspc.schemas" value="/resources/schemas/" />
    <property name="sun.java.launcher" value="SUN_STANDARD" />
    <property name="user.country" value="US" />
    <property name="sun.boot.library.path" value="C:\Program Files\Java\jdk-21\bin" />
    <property name="sun.java.command" value="org.apache.tools.ant.taskdefs.optional.junit.JUnitTestRunner test.classes.dal.TableDAOTest skipNonTests=false filtertrace=true haltOnError=false haltOnFailure=false formatter=org.apache.tools.ant.taskdefs.optional.junit.SummaryJUnitResultFormatter showoutput=false outputtoformatters=true logfailedtests=true threadid=0 logtestlistenerevents=false formatter=org.apache.tools.ant.taskdefs.optional.junit.PlainJUnitResultFormatter,C:\Users\admin\Desktop\SWT301\SWT301_Labbb\TEST-test.classes.dal.TableDAOTest.txt formatter=org.apache.tools.ant.taskdefs.optional.junit.XMLJUnitResultFormatter,C:\Users\admin\Desktop\SWT301\SWT301_Labbb\TEST-test.classes.dal.TableDAOTest.xml crashfile=C:\Users\admin\Desktop\SWT301\SWT301_Labbb\junitvmwatcher8752038908038653193.properties propsfile=C:\Users\admin\Desktop\SWT301\SWT301_Labbb\junit15503311375986576214.properties" />
    <property name="jdk.debug" value="release" />
    <property name="sun.cpu.endian" value="little" />
    <property name="test.dir" value="bin" />
    <property name="user.home" value="C:\Users\admin" />
    <property name="user.language" value="en" />
    <property name="java.specification.vendor" value="Oracle Corporation" />
    <property name="jacoco.exec.file" value="coverage.exec" />
    <property name="java.version.date" value="2023-10-17" />
    <property name="java.home" value="C:\Program Files\Java\jdk-21" />
    <property name="basedir" value="C:\Users\admin\Desktop\SWT301\SWT301_Labbb" />
    <property name="file.separator" value="\" />
    <property name="java.vm.compressedOopsMode" value="Zero based" />
    <property name="ant.file.type.prjProject-impl" value="file" />
    <property name="line.separator" value="&#xd;&#xa;" />
    <property name="ant.java.version" value="21" />
    <property name="java.specification.name" value="Java Platform API Specification" />
    <property name="java.vm.specification.vendor" value="Oracle Corporation" />
    <property name="ant.file.type.prjProject" value="file" />
    <property name="user.script" value="" />
    <property name="sun.management.compiler" value="HotSpot 64-Bit Tiered Compilers" />
    <property name="java.runtime.version" value="21.0.1+12-LTS-29" />
    <property name="user.name" value="admin" />
    <property name="ant.file" value="C:\Users\admin\Desktop\SWT301\SWT301_Labbb\build.xml" />
    <property name="stdout.encoding" value="UTF-8" />
    <property name="path.separator" value=";" />
    <property name="os.version" value="10.0" />
    <property name="java.runtime.name" value="Java(TM) SE Runtime Environment" />
    <property name="file.encoding" value="UTF-8" />
    <property name="ant.project.invoked-targets" value="test-with-coverage" />
    <property name="java.vm.name" value="Java HotSpot(TM) 64-Bit Server VM" />
    <property name="report.dir" value="reports" />
    <property name="ant.core.lib" value="C:\Program Files\NetBeans-17\netbeans\extide\ant\lib\ant.jar" />
    <property name="build.dir" value="bin" />
    <property name="java.vendor.url.bug" value="https://bugreport.java.com/bugreport/" />
    <property name="java.io.tmpdir" value="C:\Users\admin\AppData\Local\Temp\" />
    <property name="jacoco.report.dir" value="coverage-report" />
    <property name="java.version" value="21.0.1" />
    <property name="user.dir" value="C:\Users\admin\Desktop\SWT301\SWT301_Labbb" />
    <property name="os.arch" value="amd64" />
    <property name="java.vm.specification.name" value="Java Virtual Machine Specification" />
    <property name="ant.home" value="C:\Program Files\NetBeans-17\netbeans\extide\ant" />
    <property name="sun.os.patch.level" value="" />
    <property name="native.encoding" value="UTF-8" />
    <property name="ant.version" value="Apache Ant(TM) version 1.10.8 compiled on May 10 2020" />
    <property name="java.library.path" value="C:\Program Files\Java\jdk-21\bin;C:\WINDOWS\Sun\Java\bin;C:\WINDOWS\system32;C:\WINDOWS;C:\Program Files (x86)\VMware\VMware Workstation\bin\;C:\Program Files\Common Files\Oracle\Java\javapath;c:\program files (x86)\common files\oracle\java\javapath;c:\windows\system32;c:\windows;c:\windows\system32\wbem;c:\windows\system32\windowspowershell\v1.0\;c:\windows\system32\openssh\;c:\program files\dotnet\;C:\Program Files (x86)\NVIDIA Corporation\PhysX\Common;C:\Program Files\Cloudflare\Cloudflare WARP\;C:\Program Files (x86)\Microsoft SQL Server\160\Tools\Binn\;C:\Program Files\Microsoft SQL Server\160\Tools\Binn\;C:\Program Files\Microsoft SQL Server\Client SDK\ODBC\170\Tools\Binn\;C:\Program Files\Microsoft SQL Server\160\DTS\Binn\;C:\Program Files (x86)\Microsoft SQL Server\160\DTS\Binn\;C:\Program Files\Java\jdk-21;C:\Users\admin\Desktop\PRJ301\apache-maven-3.9.9\bin;C:\Program Files (x86)\Microsoft SQL Server\Client SDK\ODBC\110\Tools\Binn\;C:\Program Files (x86)\Microsoft SQL Server\120\Tools\Binn\;C:\Program Files (x86)\Microsoft SQL Server\120\DTS\Binn\;C:\Users\admin\Desktop\Git\cmd;C:\WINDOWS\system32;C:\WINDOWS;C:\WINDOWS\System32\Wbem;C:\WINDOWS\System32\WindowsPowerShell\v1.0\;C:\WINDOWS\System32\OpenSSH\;C:\Program Files\NVIDIA Corporation\NVIDIA app\NvDLISR;C:\Program Files\Microsoft SQL Server\150\Tools\Binn\;C:\Program Files\NetBeans-17\netbeans\extide\ant\bin;C:\Program Files\NetBeans-17\netbeans\extide\ant\bin;C:\Users\admin\AppData\Local\Programs\Python\Python313\Scripts\;C:\Users\admin\AppData\Local\Programs\Python\Python313\;C:\Users\admin\AppData\Local\Programs\Python\Launcher\;C:\Users\admin\AppData\Local\Microsoft\WindowsApps;C:\Users\admin\AppData\Local\Programs\Microsoft VS Code\bin;C:\Program Files\Java\jdk-21;C:\Users\admin\AppData\Local\GitHubDesktop\bin;C:\Users\admin\.dotnet\tools;C:\Program Files\JetBrains\IntelliJ IDEA 2024.3.2\bin;;." />
    <property name="java.vm.info" value="mixed mode, sharing" />
    <property name="java.vendor" value="Oracle Corporation" />
    <property name="stderr.encoding" value="UTF-8" />
    <property name="java.vm.version" value="21.0.1+12-LTS-29" />
    <property name="ant.file.prjProject-impl" value="C:\Users\admin\Desktop\SWT301\SWT301_Labbb\nbproject\build-impl.xml" />
    <property name="sun.io.unicode.encoding" value="UnicodeLittle" />
    <property name="java.class.version" value="65.0" />
    <property name="src.dir" value="src" />
    <property name="ant.project.default-target" value="default" />
  </properties>
  <error message="test/classes/dal/TableDAOTest (wrong name: dal/TableDAOTest)" type="java.lang.NoClassDefFoundError">java.lang.NoClassDefFoundError: test/classes/dal/TableDAOTest (wrong name: dal/TableDAOTest)
	at java.base/java.lang.ClassLoader.defineClass1(Native Method)
	at java.base/java.lang.ClassLoader.defineClass(ClassLoader.java:1027)
	at java.base/java.security.SecureClassLoader.defineClass(SecureClassLoader.java:150)
	at java.base/jdk.internal.loader.BuiltinClassLoader.defineClass(BuiltinClassLoader.java:862)
	at java.base/jdk.internal.loader.BuiltinClassLoader.findClassOnClassPathOrNull(BuiltinClassLoader.java:760)
	at java.base/jdk.internal.loader.BuiltinClassLoader.loadClassOrNull(BuiltinClassLoader.java:681)
	at java.base/jdk.internal.loader.BuiltinClassLoader.loadClass(BuiltinClassLoader.java:639)
	at java.base/jdk.internal.loader.ClassLoaders$AppClassLoader.loadClass(ClassLoaders.java:188)
	at java.base/java.lang.ClassLoader.loadClass(ClassLoader.java:526)
	at java.base/java.lang.Class.forName0(Native Method)
	at java.base/java.lang.Class.forName(Class.java:534)
	at java.base/java.lang.Class.forName(Class.java:513)
</error>
  <system-out><![CDATA[]]></system-out>
  <system-err><![CDATA[]]></system-err>
</testsuite>
